<?xml version="1.0" encoding="UTF-8"?>
<!-- Generated by org.testng.reporters.JUnitReportReporter -->
<testsuite hostname="Desktop-193" failures="0" tests="1" name="entrata_Test_Test_Scripts.Entrata_Test" time="22.764" errors="0" timestamp="2024-10-30T17:17:51 IST" skipped="0">
  <testcase classname="entrata_Test_Test_Scripts.Entrata_Test" name="test_02_Schedule_Demo" time="22.764"/>
  <system-out/>
</testsuite> <!-- entrata_Test_Test_Scripts.Entrata_Test -->
