<?xml version="1.0" encoding="UTF-8"?>
<!-- Generated by org.testng.reporters.JUnitReportReporter -->
<testsuite hostname="Desktop-193" failures="0" tests="4" name="entrata_Test_Test_Scripts.Entrata_Test" time="137.959" errors="0" timestamp="2024-10-30T17:22:06 IST" skipped="0">
  <testcase classname="entrata_Test_Test_Scripts.Entrata_Test" name="test_01_Get_Title" time="35.551"/>
  <system-out/>
  <testcase classname="entrata_Test_Test_Scripts.Entrata_Test" name="test_02_Schedule_Demo" time="22.172"/>
  <system-out/>
  <testcase classname="entrata_Test_Test_Scripts.Entrata_Test" name="test_03_Broken_Link" time="54.289"/>
  <system-out/>
  <testcase classname="entrata_Test_Test_Scripts.Entrata_Test" name="test_04_Careers_page" time="25.947"/>
  <system-out/>
</testsuite> <!-- entrata_Test_Test_Scripts.Entrata_Test -->
