<?xml version="1.0" encoding="UTF-8"?>
<!-- Generated by org.testng.reporters.JUnitReportReporter -->
<testsuite hostname="Desktop-175" failures="0" tests="4" name="entrata_Test_Test_Scripts.Entrata_Test" time="100.610" errors="0" timestamp="2024-10-31T11:06:35 IST" skipped="0">
  <testcase classname="entrata_Test_Test_Scripts.Entrata_Test" name="test_01_Get_Title" time="8.296"/>
  <system-out/>
  <testcase classname="entrata_Test_Test_Scripts.Entrata_Test" name="test_02_Schedule_Demo" time="11.671"/>
  <system-out/>
  <testcase classname="entrata_Test_Test_Scripts.Entrata_Test" name="test_03_Broken_Link" time="58.695"/>
  <system-out/>
  <testcase classname="entrata_Test_Test_Scripts.Entrata_Test" name="test_04_Careers_page" time="21.948"/>
  <system-out/>
</testsuite> <!-- entrata_Test_Test_Scripts.Entrata_Test -->
